d:\desktop\productivity\coding\projects\university-stuff\tools programming\tutorial 7\debug\vc143.pdb
d:\desktop\productivity\coding\projects\university-stuff\tools programming\tutorial 7\debug\vc143.idb
d:\desktop\productivity\coding\projects\university-stuff\tools programming\tutorial 7\debug\sprite.obj
d:\desktop\productivity\coding\projects\university-stuff\tools programming\tutorial 7\debug\scenemanager.obj
d:\desktop\productivity\coding\projects\university-stuff\tools programming\tutorial 7\debug\scene.obj
d:\desktop\productivity\coding\projects\university-stuff\tools programming\tutorial 7\debug\resourcemanager.obj
d:\desktop\productivity\coding\projects\university-stuff\tools programming\tutorial 7\debug\bitmap.obj
d:\desktop\productivity\coding\projects\university-stuff\tools programming\tutorial 7\debug\main.obj
d:\desktop\productivity\coding\projects\university-stuff\tools programming\tutorial 7\debug\imgui_sdl.obj
d:\desktop\productivity\coding\projects\university-stuff\tools programming\tutorial 7\debug\imgui_widgets.obj
d:\desktop\productivity\coding\projects\university-stuff\tools programming\tutorial 7\debug\imgui_tables.obj
d:\desktop\productivity\coding\projects\university-stuff\tools programming\tutorial 7\debug\imgui_draw.obj
d:\desktop\productivity\coding\projects\university-stuff\tools programming\tutorial 7\debug\imgui_demo.obj
d:\desktop\productivity\coding\projects\university-stuff\tools programming\tutorial 7\debug\imgui.obj
d:\desktop\productivity\coding\projects\university-stuff\tools programming\tutorial 7\debug\imgui_impl_sdl.obj
d:\desktop\productivity\coding\projects\university-stuff\tools programming\tutorial 7\debug\i_gui.obj
d:\desktop\productivity\coding\projects\university-stuff\tools programming\tutorial 7\debug\input.obj
d:\desktop\productivity\coding\projects\university-stuff\tools programming\tutorial 7\debug\gameobject.obj
d:\desktop\productivity\coding\projects\university-stuff\tools programming\tutorial 7\debug\gameengine tools.ilk
d:\desktop\productivity\coding\projects\university-stuff\tools programming\tutorial 7\debug\gameengine tools.exe
d:\desktop\productivity\coding\projects\university-stuff\tools programming\tutorial 7\debug\gameengine tools.pdb
d:\desktop\productivity\coding\projects\university-stuff\tools programming\tutorial 7\debug\gameengine tools.tlog\cl.command.1.tlog
d:\desktop\productivity\coding\projects\university-stuff\tools programming\tutorial 7\debug\gameengine tools.tlog\cl.read.1.tlog
d:\desktop\productivity\coding\projects\university-stuff\tools programming\tutorial 7\debug\gameengine tools.tlog\cl.write.1.tlog
d:\desktop\productivity\coding\projects\university-stuff\tools programming\tutorial 7\debug\gameengine tools.tlog\link.command.1.tlog
d:\desktop\productivity\coding\projects\university-stuff\tools programming\tutorial 7\debug\gameengine tools.tlog\link.read.1.tlog
d:\desktop\productivity\coding\projects\university-stuff\tools programming\tutorial 7\debug\gameengine tools.tlog\link.write.1.tlog
